[2019-09-30 12:51:03] START
[2019-10-01 10:40:50] CREATE basics.py: 0
[2019-10-01 10:44:27] EDIT pluralsight/controllers/basics.py: 4
[2019-10-01 10:44:45] EDIT pluralsight/controllers/basics.py: 0
[2019-10-01 10:46:54] CREATE basics/helloworld.html: 0
[2019-10-01 10:51:20] EDIT pluralsight/views/basics/helloworld.html: 2
[2019-10-01 10:52:26] EDIT pluralsight/views/basics/helloworld.html: 3
[2019-10-02 11:29:54] EDIT pluralsight/controllers/basics.py: 7
[2019-10-02 11:30:48] CREATE basics/request_args.html: 0
[2019-10-02 11:31:46] CREATE basics/request_object.html: 0
[2019-10-02 12:59:55] EDIT pluralsight/views/basics/request_args.html: 2
[2019-10-02 13:30:48] EDIT pluralsight/controllers/basics.py: 9
[2019-10-02 13:31:50] CREATE basics/request_vars.html: 0
[2019-10-02 13:47:40] EDIT pluralsight/views/basics/request_vars.html: 7
[2019-10-02 13:51:31] EDIT pluralsight/controllers/basics.py: 8
[2019-10-02 15:52:42] EDIT pluralsight/views/basics/request_object.html: 9
[2019-10-02 15:53:15] EDIT pluralsight/views/basics/request_object.html: 0
[2019-10-02 16:04:02] EDIT pluralsight/controllers/basics.py: 0
[2019-10-04 14:26:19] EDIT pluralsight/controllers/basics.py: 0
[2019-10-21 15:10:29] CREATE blog.py: 0
[2019-10-21 16:25:00] EDIT pluralsight/controllers/blog.py: 19
[2019-10-21 16:27:25] EDIT pluralsight/controllers/blog.py: 11
[2019-10-21 16:27:59] EDIT pluralsight/controllers/blog.py: 0
[2019-10-21 16:28:27] EDIT pluralsight/controllers/blog.py: 0
[2019-10-21 16:28:33] EDIT pluralsight/controllers/blog.py: 0
[2019-10-22 11:54:27] EDIT pluralsight/views/default/index.html: 0
[2019-10-22 11:54:59] EDIT pluralsight/views/default/index.html: 0
[2019-10-22 14:50:34] EDIT pluralsight/models/db.py: 8
[2019-10-22 15:01:19] EDIT pluralsight/models/db.py: 0
[2019-10-22 15:02:45] EDIT pluralsight/models/db.py: 0
[2019-10-22 15:11:58] EDIT pluralsight/controllers/blog.py: 0
[2019-10-24 15:49:22] DELETE pluralsight/controllers/blog.py: -31
[2019-10-24 15:49:30] CREATE blog.py: 0
[2019-10-24 15:57:11] EDIT pluralsight/controllers/blog.py: 3
[2019-10-24 15:59:11] EDIT pluralsight/controllers/blog.py: 3
[2019-10-24 16:12:19] EDIT pluralsight/controllers/blog.py: 0
[2019-10-24 16:14:18] CREATE blog/post.html: 0
[2019-10-24 16:21:50] EDIT pluralsight/views/blog/post.html: 0
[2019-10-24 16:51:49] CREATE blog/view.html: 0
[2019-10-28 10:29:26] EDIT pluralsight/controllers/blog.py: 10
[2019-10-28 10:51:46] EDIT pluralsight/controllers/blog.py: 8
[2019-10-28 10:52:10] CREATE blog/update.html: 0
[2019-10-28 10:52:47] EDIT pluralsight/views/blog/update.html: 0
[2019-10-28 11:10:24] EDIT pluralsight/views/blog/view.html: 13
[2019-10-28 11:18:51] EDIT pluralsight/views/blog/view.html: 0
[2019-10-28 16:01:14] EDIT pluralsight/models/db.py: 14
[2019-10-28 16:01:24] EDIT pluralsight/models/db.py: 0
[2019-10-31 14:10:13] EDIT pluralsight/controllers/blog.py: 0
[2019-10-31 14:42:27] EDIT pluralsight/controllers/blog.py: 5
[2019-10-31 16:14:47] EDIT pluralsight/views/blog/view.html: 0
[2019-10-31 16:24:57] EDIT pluralsight/controllers/blog.py: 1
[2019-10-31 16:25:40] EDIT pluralsight/views/blog/view.html: 0
[2019-10-31 16:36:33] EDIT pluralsight/views/blog/view.html: 0
[2019-10-31 16:38:01] EDIT pluralsight/views/blog/view.html: 0
