2020-01-30 16:51:07,319: function 1, FROM=__init__, LINENO=7, __main__ - DEBUG
2020-01-30 16:51:08,324: 14, FROM=countdown, LINENO=34, __main__ - DEBUG
2020-01-30 16:51:09,326: 13, FROM=countdown, LINENO=34, __main__ - DEBUG
2020-01-30 16:51:10,326: 12, FROM=countdown, LINENO=34, __main__ - DEBUG
2020-01-30 16:51:11,336: 11, FROM=countdown, LINENO=34, __main__ - DEBUG
2020-01-30 16:51:12,338: 10, FROM=countdown, LINENO=34, __main__ - DEBUG
2020-01-30 16:51:13,339: 9, FROM=countdown, LINENO=34, __main__ - DEBUG
2020-01-30 16:51:14,341: 8, FROM=countdown, LINENO=34, __main__ - DEBUG
2020-01-30 16:51:15,345: 7, FROM=countdown, LINENO=34, __main__ - DEBUG
2020-01-30 16:51:16,346: 6, FROM=countdown, LINENO=34, __main__ - DEBUG
2020-01-30 16:51:17,347: 5, FROM=countdown, LINENO=34, __main__ - DEBUG
2020-01-30 16:51:18,348: 4, FROM=countdown, LINENO=34, __main__ - DEBUG
2020-01-30 16:51:19,350: 3, FROM=countdown, LINENO=34, __main__ - DEBUG
2020-01-30 16:51:20,352: 2, FROM=countdown, LINENO=34, __main__ - DEBUG
2020-01-30 16:51:21,354: 1, FROM=countdown, LINENO=34, __main__ - DEBUG
2020-01-30 16:51:22,355: 0, FROM=countdown, LINENO=34, __main__ - DEBUG
2020-01-30 16:51:22,356: Blast Off!, FROM=countdown, LINENO=38, __main__ - INFO
2020-01-30 16:51:22,356: Operation Completed Successfully..., FROM=countdown, LINENO=57, __main__ - INFO
2020-01-30 16:51:22,367: Operation Completed Successfully..., FROM=watch_and_log_link, LINENO=125, __main__ - INFO
2020-01-30 16:53:51,635: function 1, FROM=__init__, LINENO=7, __main__ - DEBUG
2020-01-30 16:53:52,643: 7, FROM=countdown, LINENO=34, __main__ - DEBUG
2020-01-30 16:53:53,647: 6, FROM=countdown, LINENO=34, __main__ - DEBUG
2020-01-30 16:53:54,647: 5, FROM=countdown, LINENO=34, __main__ - DEBUG
2020-01-30 16:53:55,648: 4, FROM=countdown, LINENO=34, __main__ - DEBUG
2020-01-30 16:53:56,650: 3, FROM=countdown, LINENO=34, __main__ - DEBUG
2020-01-30 16:53:57,652: 2, FROM=countdown, LINENO=34, __main__ - DEBUG
2020-01-30 16:53:58,653: 1, FROM=countdown, LINENO=34, __main__ - DEBUG
2020-01-30 16:53:59,654: 0, FROM=countdown, LINENO=34, __main__ - DEBUG
2020-01-30 16:53:59,655: Blast Off!, FROM=countdown, LINENO=38, __main__ - INFO
2020-01-30 16:53:59,656: Operation Completed Successfully..., FROM=countdown, LINENO=57, __main__ - INFO
2020-01-30 16:53:59,668: 
TYPE : <class 'PermissionError'>
FILE : <ipython-input-3-053bb2bcb1c2>
LINE : 107
MESG : 
<class 'PermissionError'>
		[Errno 13] Permission denied: 'ph_urls_visited.csv'
		<traceback object at 0x000001D1C0262E88>

, FROM=watch_and_log_link, LINENO=122, __main__ - ERROR
2020-01-30 16:54:00,670: 6, FROM=countdown, LINENO=34, __main__ - DEBUG
2020-01-30 16:54:01,671: 5, FROM=countdown, LINENO=34, __main__ - DEBUG
2020-01-30 16:54:02,673: 4, FROM=countdown, LINENO=34, __main__ - DEBUG
2020-01-30 16:54:03,674: 3, FROM=countdown, LINENO=34, __main__ - DEBUG
2020-01-30 16:54:04,675: 2, FROM=countdown, LINENO=34, __main__ - DEBUG
2020-01-30 16:54:05,676: 1, FROM=countdown, LINENO=34, __main__ - DEBUG
2020-01-30 16:54:06,677: 0, FROM=countdown, LINENO=34, __main__ - DEBUG
2020-01-30 16:54:06,678: Blast Off!, FROM=countdown, LINENO=38, __main__ - INFO
2020-01-30 16:54:06,679: Operation Completed Successfully..., FROM=countdown, LINENO=57, __main__ - INFO
2020-01-30 16:54:06,684: 
TYPE : <class 'PermissionError'>
FILE : <ipython-input-3-053bb2bcb1c2>
LINE : 107
MESG : 
<class 'PermissionError'>
		[Errno 13] Permission denied: 'ph_urls_visited.csv'
		<traceback object at 0x000001D1BD936688>

, FROM=watch_and_log_link, LINENO=122, __main__ - ERROR
2020-01-30 16:54:07,687: 8, FROM=countdown, LINENO=34, __main__ - DEBUG
2020-01-30 16:54:08,689: 7, FROM=countdown, LINENO=34, __main__ - DEBUG
2020-01-30 16:54:09,690: 6, FROM=countdown, LINENO=34, __main__ - DEBUG
2020-01-30 16:54:10,692: 5, FROM=countdown, LINENO=34, __main__ - DEBUG
2020-01-30 16:54:11,694: 4, FROM=countdown, LINENO=34, __main__ - DEBUG
2020-01-30 16:54:12,696: 3, FROM=countdown, LINENO=34, __main__ - DEBUG
2020-01-30 16:54:13,696: 2, FROM=countdown, LINENO=34, __main__ - DEBUG
2020-01-30 16:54:14,697: 1, FROM=countdown, LINENO=34, __main__ - DEBUG
2020-01-30 16:54:15,698: 0, FROM=countdown, LINENO=34, __main__ - DEBUG
2020-01-30 16:54:15,699: Blast Off!, FROM=countdown, LINENO=38, __main__ - INFO
2020-01-30 16:54:15,701: Operation Completed Successfully..., FROM=countdown, LINENO=57, __main__ - INFO
2020-01-30 16:54:15,713: 
TYPE : <class 'PermissionError'>
FILE : <ipython-input-3-053bb2bcb1c2>
LINE : 107
MESG : 
<class 'PermissionError'>
		[Errno 13] Permission denied: 'ph_urls_visited.csv'
		<traceback object at 0x000001D1C0268508>

, FROM=watch_and_log_link, LINENO=122, __main__ - ERROR
2020-01-30 16:54:20,248: function 1, FROM=__init__, LINENO=7, __main__ - DEBUG
2020-01-30 16:54:21,255: 79, FROM=countdown, LINENO=34, __main__ - DEBUG
2020-01-30 16:54:22,256: 78, FROM=countdown, LINENO=34, __main__ - DEBUG
2020-01-30 16:54:23,257: 77, FROM=countdown, LINENO=34, __main__ - DEBUG
2020-01-30 16:54:24,259: 76, FROM=countdown, LINENO=34, __main__ - DEBUG
2020-01-30 16:54:25,259: 75, FROM=countdown, LINENO=34, __main__ - DEBUG
2020-01-30 16:54:26,261: 74, FROM=countdown, LINENO=34, __main__ - DEBUG
2020-01-30 16:54:27,261: 73, FROM=countdown, LINENO=34, __main__ - DEBUG
2020-01-30 16:54:28,263: 72, FROM=countdown, LINENO=34, __main__ - DEBUG
2020-01-30 16:54:29,264: 71, FROM=countdown, LINENO=34, __main__ - DEBUG
2020-01-30 16:54:30,265: 70, FROM=countdown, LINENO=34, __main__ - DEBUG
2020-01-30 16:54:31,267: 69, FROM=countdown, LINENO=34, __main__ - DEBUG
2020-01-30 16:54:32,269: 68, FROM=countdown, LINENO=34, __main__ - DEBUG
2020-01-30 16:54:33,270: 67, FROM=countdown, LINENO=34, __main__ - DEBUG
2020-01-30 16:54:34,272: 66, FROM=countdown, LINENO=34, __main__ - DEBUG
2020-01-30 16:54:35,273: 65, FROM=countdown, LINENO=34, __main__ - DEBUG
2020-01-30 16:54:36,275: 64, FROM=countdown, LINENO=34, __main__ - DEBUG
2020-01-30 16:54:37,277: 63, FROM=countdown, LINENO=34, __main__ - DEBUG
2020-01-30 16:54:38,278: 62, FROM=countdown, LINENO=34, __main__ - DEBUG
2020-01-30 16:54:39,279: 61, FROM=countdown, LINENO=34, __main__ - DEBUG
2020-01-30 16:54:40,281: 60, FROM=countdown, LINENO=34, __main__ - DEBUG
2020-01-30 16:54:41,282: 59, FROM=countdown, LINENO=34, __main__ - DEBUG
2020-01-30 16:54:42,283: 58, FROM=countdown, LINENO=34, __main__ - DEBUG
2020-01-30 16:54:43,284: 57, FROM=countdown, LINENO=34, __main__ - DEBUG
2020-01-30 16:54:44,285: 56, FROM=countdown, LINENO=34, __main__ - DEBUG
2020-01-30 16:54:45,287: 55, FROM=countdown, LINENO=34, __main__ - DEBUG
2020-01-30 16:54:46,288: 54, FROM=countdown, LINENO=34, __main__ - DEBUG
2020-01-30 16:54:47,289: 53, FROM=countdown, LINENO=34, __main__ - DEBUG
2020-01-30 16:54:48,290: 52, FROM=countdown, LINENO=34, __main__ - DEBUG
2020-01-30 16:54:49,291: 51, FROM=countdown, LINENO=34, __main__ - DEBUG
2020-01-30 16:54:50,293: 50, FROM=countdown, LINENO=34, __main__ - DEBUG
2020-01-30 16:54:51,294: 49, FROM=countdown, LINENO=34, __main__ - DEBUG
2020-01-30 16:54:52,296: 48, FROM=countdown, LINENO=34, __main__ - DEBUG
2020-01-30 16:54:53,297: 47, FROM=countdown, LINENO=34, __main__ - DEBUG
2020-01-30 16:54:54,298: 46, FROM=countdown, LINENO=34, __main__ - DEBUG
2020-01-30 16:54:55,299: 45, FROM=countdown, LINENO=34, __main__ - DEBUG
2020-01-30 16:54:56,301: 44, FROM=countdown, LINENO=34, __main__ - DEBUG
2020-01-30 16:54:57,302: 43, FROM=countdown, LINENO=34, __main__ - DEBUG
2020-01-30 16:54:58,303: 42, FROM=countdown, LINENO=34, __main__ - DEBUG
2020-01-30 16:54:59,304: 41, FROM=countdown, LINENO=34, __main__ - DEBUG
2020-01-30 16:55:00,304: 40, FROM=countdown, LINENO=34, __main__ - DEBUG
2020-01-30 16:55:01,306: 39, FROM=countdown, LINENO=34, __main__ - DEBUG
2020-01-30 16:55:02,307: 38, FROM=countdown, LINENO=34, __main__ - DEBUG
2020-01-30 16:55:03,308: 37, FROM=countdown, LINENO=34, __main__ - DEBUG
2020-01-30 16:55:04,309: 36, FROM=countdown, LINENO=34, __main__ - DEBUG
2020-01-30 16:55:05,310: 35, FROM=countdown, LINENO=34, __main__ - DEBUG
2020-01-30 16:55:06,311: 34, FROM=countdown, LINENO=34, __main__ - DEBUG
2020-01-30 16:55:07,313: 33, FROM=countdown, LINENO=34, __main__ - DEBUG
2020-01-30 16:55:08,314: 32, FROM=countdown, LINENO=34, __main__ - DEBUG
2020-01-30 16:55:09,316: 31, FROM=countdown, LINENO=34, __main__ - DEBUG
2020-01-30 16:55:10,317: 30, FROM=countdown, LINENO=34, __main__ - DEBUG
2020-01-30 16:55:11,317: 29, FROM=countdown, LINENO=34, __main__ - DEBUG
2020-01-30 16:55:12,318: 28, FROM=countdown, LINENO=34, __main__ - DEBUG
2020-01-30 16:55:13,319: 27, FROM=countdown, LINENO=34, __main__ - DEBUG
2020-01-30 16:55:14,321: 26, FROM=countdown, LINENO=34, __main__ - DEBUG
2020-01-30 16:55:15,322: 25, FROM=countdown, LINENO=34, __main__ - DEBUG
2020-01-30 16:55:16,323: 24, FROM=countdown, LINENO=34, __main__ - DEBUG
2020-01-30 16:55:17,325: 23, FROM=countdown, LINENO=34, __main__ - DEBUG
2020-01-30 16:55:18,326: 22, FROM=countdown, LINENO=34, __main__ - DEBUG
2020-01-30 16:55:19,328: 21, FROM=countdown, LINENO=34, __main__ - DEBUG
2020-01-30 16:55:20,329: 20, FROM=countdown, LINENO=34, __main__ - DEBUG
2020-01-30 16:55:21,331: 19, FROM=countdown, LINENO=34, __main__ - DEBUG
2020-01-30 16:55:22,332: 18, FROM=countdown, LINENO=34, __main__ - DEBUG
2020-01-30 16:55:23,333: 17, FROM=countdown, LINENO=34, __main__ - DEBUG
2020-01-30 16:55:24,335: 16, FROM=countdown, LINENO=34, __main__ - DEBUG
2020-01-30 16:55:25,337: 15, FROM=countdown, LINENO=34, __main__ - DEBUG
2020-01-30 16:55:26,338: 14, FROM=countdown, LINENO=34, __main__ - DEBUG
2020-01-30 16:55:27,339: 13, FROM=countdown, LINENO=34, __main__ - DEBUG
2020-01-30 16:55:28,341: 12, FROM=countdown, LINENO=34, __main__ - DEBUG
2020-01-30 16:55:29,342: 11, FROM=countdown, LINENO=34, __main__ - DEBUG
2020-01-30 16:55:30,343: 10, FROM=countdown, LINENO=34, __main__ - DEBUG
2020-01-30 16:55:31,344: 9, FROM=countdown, LINENO=34, __main__ - DEBUG
2020-01-30 16:55:32,345: 8, FROM=countdown, LINENO=34, __main__ - DEBUG
2020-01-30 16:55:33,347: 7, FROM=countdown, LINENO=34, __main__ - DEBUG
2020-01-30 16:55:34,347: 6, FROM=countdown, LINENO=34, __main__ - DEBUG
2020-01-30 16:55:35,348: 5, FROM=countdown, LINENO=34, __main__ - DEBUG
2020-01-30 16:55:36,349: 4, FROM=countdown, LINENO=34, __main__ - DEBUG
2020-01-30 16:55:37,350: 3, FROM=countdown, LINENO=34, __main__ - DEBUG
2020-01-30 16:55:38,351: 2, FROM=countdown, LINENO=34, __main__ - DEBUG
2020-01-30 16:55:39,353: 1, FROM=countdown, LINENO=34, __main__ - DEBUG
2020-01-30 16:55:40,355: 0, FROM=countdown, LINENO=34, __main__ - DEBUG
2020-01-30 16:55:40,356: Blast Off!, FROM=countdown, LINENO=38, __main__ - INFO
2020-01-30 16:55:40,357: Operation Completed Successfully..., FROM=countdown, LINENO=57, __main__ - INFO
2020-01-30 16:55:40,366: Operation Completed Successfully..., FROM=watch_and_log_link, LINENO=125, __main__ - INFO
2020-01-30 16:55:41,369: 99, FROM=countdown, LINENO=34, __main__ - DEBUG
2020-01-30 16:55:42,370: 98, FROM=countdown, LINENO=34, __main__ - DEBUG
2020-01-30 16:55:43,372: 97, FROM=countdown, LINENO=34, __main__ - DEBUG
2020-01-30 16:55:44,373: 96, FROM=countdown, LINENO=34, __main__ - DEBUG
2020-01-30 16:55:45,375: 95, FROM=countdown, LINENO=34, __main__ - DEBUG
2020-01-30 16:55:46,375: 94, FROM=countdown, LINENO=34, __main__ - DEBUG
2020-01-30 16:55:47,376: 93, FROM=countdown, LINENO=34, __main__ - DEBUG
2020-01-30 16:55:48,377: 92, FROM=countdown, LINENO=34, __main__ - DEBUG
2020-01-30 16:55:49,378: 91, FROM=countdown, LINENO=34, __main__ - DEBUG
2020-01-30 16:55:50,379: 90, FROM=countdown, LINENO=34, __main__ - DEBUG
2020-01-30 16:55:51,379: 89, FROM=countdown, LINENO=34, __main__ - DEBUG
2020-01-30 16:55:52,380: 88, FROM=countdown, LINENO=34, __main__ - DEBUG
2020-01-30 16:55:53,381: 87, FROM=countdown, LINENO=34, __main__ - DEBUG
2020-01-30 16:55:54,383: 86, FROM=countdown, LINENO=34, __main__ - DEBUG
2020-01-30 16:55:55,384: 85, FROM=countdown, LINENO=34, __main__ - DEBUG
2020-01-30 16:55:56,386: 84, FROM=countdown, LINENO=34, __main__ - DEBUG
2020-01-30 16:55:57,387: 83, FROM=countdown, LINENO=34, __main__ - DEBUG
2020-01-30 16:55:58,389: 82, FROM=countdown, LINENO=34, __main__ - DEBUG
2020-01-30 16:55:59,392: 81, FROM=countdown, LINENO=34, __main__ - DEBUG
2020-01-30 16:56:00,392: 80, FROM=countdown, LINENO=34, __main__ - DEBUG
2020-01-30 16:56:01,394: 79, FROM=countdown, LINENO=34, __main__ - DEBUG
2020-01-30 16:56:02,396: 78, FROM=countdown, LINENO=34, __main__ - DEBUG
2020-01-30 16:56:03,397: 77, FROM=countdown, LINENO=34, __main__ - DEBUG
2020-01-30 16:56:04,398: 76, FROM=countdown, LINENO=34, __main__ - DEBUG
2020-01-30 16:56:05,398: 75, FROM=countdown, LINENO=34, __main__ - DEBUG
2020-01-30 16:56:06,399: 74, FROM=countdown, LINENO=34, __main__ - DEBUG
2020-01-30 16:56:07,400: 73, FROM=countdown, LINENO=34, __main__ - DEBUG
2020-01-30 16:56:08,402: 72, FROM=countdown, LINENO=34, __main__ - DEBUG
2020-01-30 16:56:09,403: 71, FROM=countdown, LINENO=34, __main__ - DEBUG
2020-01-30 16:56:10,403: 70, FROM=countdown, LINENO=34, __main__ - DEBUG
2020-01-30 16:56:11,404: 69, FROM=countdown, LINENO=34, __main__ - DEBUG
2020-01-30 16:56:12,407: 68, FROM=countdown, LINENO=34, __main__ - DEBUG
2020-01-30 16:56:13,409: 67, FROM=countdown, LINENO=34, __main__ - DEBUG
2020-01-30 16:56:14,411: 66, FROM=countdown, LINENO=34, __main__ - DEBUG
2020-01-30 16:56:15,411: 65, FROM=countdown, LINENO=34, __main__ - DEBUG
2020-01-30 16:56:16,413: 64, FROM=countdown, LINENO=34, __main__ - DEBUG
2020-01-30 16:56:17,413: 63, FROM=countdown, LINENO=34, __main__ - DEBUG
2020-01-30 16:56:18,414: 62, FROM=countdown, LINENO=34, __main__ - DEBUG
2020-01-30 16:56:19,415: 61, FROM=countdown, LINENO=34, __main__ - DEBUG
2020-01-30 16:56:20,417: 60, FROM=countdown, LINENO=34, __main__ - DEBUG
2020-01-30 16:56:21,418: 59, FROM=countdown, LINENO=34, __main__ - DEBUG
2020-01-30 16:56:22,419: 58, FROM=countdown, LINENO=34, __main__ - DEBUG
2020-01-30 16:56:23,420: 57, FROM=countdown, LINENO=34, __main__ - DEBUG
2020-01-30 16:56:24,421: 56, FROM=countdown, LINENO=34, __main__ - DEBUG
2020-01-30 16:56:25,422: 55, FROM=countdown, LINENO=34, __main__ - DEBUG
2020-01-30 16:56:26,423: 54, FROM=countdown, LINENO=34, __main__ - DEBUG
2020-01-30 16:56:27,424: 53, FROM=countdown, LINENO=34, __main__ - DEBUG
2020-01-30 16:56:28,425: 52, FROM=countdown, LINENO=34, __main__ - DEBUG
2020-01-30 16:56:29,426: 51, FROM=countdown, LINENO=34, __main__ - DEBUG
2020-01-30 16:56:30,428: 50, FROM=countdown, LINENO=34, __main__ - DEBUG
2020-01-30 16:56:31,428: 49, FROM=countdown, LINENO=34, __main__ - DEBUG
2020-01-30 16:56:32,429: 48, FROM=countdown, LINENO=34, __main__ - DEBUG
2020-01-30 16:56:33,443: 47, FROM=countdown, LINENO=34, __main__ - DEBUG
2020-01-30 16:56:34,445: 46, FROM=countdown, LINENO=34, __main__ - DEBUG
2020-01-30 16:56:35,446: 45, FROM=countdown, LINENO=34, __main__ - DEBUG
2020-01-30 16:56:36,447: 44, FROM=countdown, LINENO=34, __main__ - DEBUG
2020-01-30 16:56:37,447: 43, FROM=countdown, LINENO=34, __main__ - DEBUG
2020-01-30 16:56:38,449: 42, FROM=countdown, LINENO=34, __main__ - DEBUG
2020-01-30 16:56:39,450: 41, FROM=countdown, LINENO=34, __main__ - DEBUG
2020-01-30 16:56:40,451: 40, FROM=countdown, LINENO=34, __main__ - DEBUG
2020-01-30 16:56:41,453: 39, FROM=countdown, LINENO=34, __main__ - DEBUG
2020-01-30 16:56:42,455: 38, FROM=countdown, LINENO=34, __main__ - DEBUG
2020-01-30 16:56:43,456: 37, FROM=countdown, LINENO=34, __main__ - DEBUG
2020-01-30 16:56:44,458: 36, FROM=countdown, LINENO=34, __main__ - DEBUG
2020-01-30 16:56:45,459: 35, FROM=countdown, LINENO=34, __main__ - DEBUG
2020-01-30 16:56:46,462: 34, FROM=countdown, LINENO=34, __main__ - DEBUG
2020-01-30 16:56:47,464: 33, FROM=countdown, LINENO=34, __main__ - DEBUG
2020-01-30 16:56:48,465: 32, FROM=countdown, LINENO=34, __main__ - DEBUG
2020-01-30 16:56:49,466: 31, FROM=countdown, LINENO=34, __main__ - DEBUG
2020-01-30 16:56:50,468: 30, FROM=countdown, LINENO=34, __main__ - DEBUG
2020-01-30 16:56:51,470: 29, FROM=countdown, LINENO=34, __main__ - DEBUG
2020-01-30 16:56:52,471: 28, FROM=countdown, LINENO=34, __main__ - DEBUG
2020-01-30 16:56:53,474: 27, FROM=countdown, LINENO=34, __main__ - DEBUG
2020-01-30 16:56:54,475: 26, FROM=countdown, LINENO=34, __main__ - DEBUG
2020-01-30 16:56:55,476: 25, FROM=countdown, LINENO=34, __main__ - DEBUG
2020-01-30 16:56:56,477: 24, FROM=countdown, LINENO=34, __main__ - DEBUG
2020-01-30 16:56:57,478: 23, FROM=countdown, LINENO=34, __main__ - DEBUG
2020-01-30 16:56:58,480: 22, FROM=countdown, LINENO=34, __main__ - DEBUG
2020-01-30 16:56:59,481: 21, FROM=countdown, LINENO=34, __main__ - DEBUG
2020-01-30 16:57:00,482: 20, FROM=countdown, LINENO=34, __main__ - DEBUG
2020-01-30 16:57:01,484: 19, FROM=countdown, LINENO=34, __main__ - DEBUG
2020-01-30 16:57:02,485: 18, FROM=countdown, LINENO=34, __main__ - DEBUG
2020-01-30 16:57:03,486: 17, FROM=countdown, LINENO=34, __main__ - DEBUG
2020-01-30 16:57:04,487: 16, FROM=countdown, LINENO=34, __main__ - DEBUG
2020-01-30 16:57:05,489: 15, FROM=countdown, LINENO=34, __main__ - DEBUG
2020-01-30 16:57:06,490: 14, FROM=countdown, LINENO=34, __main__ - DEBUG
2020-01-30 16:57:07,493: 13, FROM=countdown, LINENO=34, __main__ - DEBUG
2020-01-30 16:57:08,493: 12, FROM=countdown, LINENO=34, __main__ - DEBUG
2020-01-30 16:57:09,495: 11, FROM=countdown, LINENO=34, __main__ - DEBUG
2020-01-30 16:57:10,496: 10, FROM=countdown, LINENO=34, __main__ - DEBUG
2020-01-30 16:57:11,497: 9, FROM=countdown, LINENO=34, __main__ - DEBUG
2020-01-30 16:57:12,498: 8, FROM=countdown, LINENO=34, __main__ - DEBUG
2020-01-30 16:57:13,501: 7, FROM=countdown, LINENO=34, __main__ - DEBUG
2020-01-30 16:57:14,503: 6, FROM=countdown, LINENO=34, __main__ - DEBUG
2020-01-30 16:57:15,504: 5, FROM=countdown, LINENO=34, __main__ - DEBUG
2020-01-30 16:57:16,505: 4, FROM=countdown, LINENO=34, __main__ - DEBUG
2020-01-30 16:57:17,507: 3, FROM=countdown, LINENO=34, __main__ - DEBUG
2020-01-30 16:57:18,509: 2, FROM=countdown, LINENO=34, __main__ - DEBUG
2020-01-30 16:57:19,510: 1, FROM=countdown, LINENO=34, __main__ - DEBUG
2020-01-30 16:57:20,511: 0, FROM=countdown, LINENO=34, __main__ - DEBUG
2020-01-30 16:57:20,512: Blast Off!, FROM=countdown, LINENO=38, __main__ - INFO
2020-01-30 16:57:20,512: Operation Completed Successfully..., FROM=countdown, LINENO=57, __main__ - INFO
2020-01-30 16:57:20,520: Operation Completed Successfully..., FROM=watch_and_log_link, LINENO=125, __main__ - INFO
2020-01-30 16:57:21,522: 105, FROM=countdown, LINENO=34, __main__ - DEBUG
2020-01-30 16:57:22,524: 104, FROM=countdown, LINENO=34, __main__ - DEBUG
2020-01-30 16:57:23,525: 103, FROM=countdown, LINENO=34, __main__ - DEBUG
2020-01-30 16:57:24,526: 102, FROM=countdown, LINENO=34, __main__ - DEBUG
2020-01-30 16:57:25,529: 101, FROM=countdown, LINENO=34, __main__ - DEBUG
2020-01-30 16:57:26,531: 100, FROM=countdown, LINENO=34, __main__ - DEBUG
2020-01-30 16:57:27,534: 99, FROM=countdown, LINENO=34, __main__ - DEBUG
2020-01-30 16:57:28,536: 98, FROM=countdown, LINENO=34, __main__ - DEBUG
2020-01-30 16:57:29,537: 97, FROM=countdown, LINENO=34, __main__ - DEBUG
2020-01-30 16:57:30,538: 96, FROM=countdown, LINENO=34, __main__ - DEBUG
2020-01-30 16:57:31,539: 95, FROM=countdown, LINENO=34, __main__ - DEBUG
2020-01-30 16:57:32,541: 94, FROM=countdown, LINENO=34, __main__ - DEBUG
2020-01-30 16:57:33,542: 93, FROM=countdown, LINENO=34, __main__ - DEBUG
2020-01-30 16:57:34,544: 92, FROM=countdown, LINENO=34, __main__ - DEBUG
2020-01-30 16:57:35,545: 91, FROM=countdown, LINENO=34, __main__ - DEBUG
2020-01-30 16:57:36,547: 90, FROM=countdown, LINENO=34, __main__ - DEBUG
2020-01-30 16:57:37,548: 89, FROM=countdown, LINENO=34, __main__ - DEBUG
2020-01-30 16:57:38,549: 88, FROM=countdown, LINENO=34, __main__ - DEBUG
2020-01-30 16:57:39,550: 87, FROM=countdown, LINENO=34, __main__ - DEBUG
2020-01-30 16:57:40,552: 86, FROM=countdown, LINENO=34, __main__ - DEBUG
2020-01-30 16:57:41,554: 85, FROM=countdown, LINENO=34, __main__ - DEBUG
2020-01-30 16:57:42,555: 84, FROM=countdown, LINENO=34, __main__ - DEBUG
2020-01-30 16:57:43,556: 83, FROM=countdown, LINENO=34, __main__ - DEBUG
2020-01-30 16:57:44,557: 82, FROM=countdown, LINENO=34, __main__ - DEBUG
2020-01-30 16:57:45,558: 81, FROM=countdown, LINENO=34, __main__ - DEBUG
2020-01-30 16:57:46,560: 80, FROM=countdown, LINENO=34, __main__ - DEBUG
2020-01-30 16:57:47,561: 79, FROM=countdown, LINENO=34, __main__ - DEBUG
2020-01-30 16:57:48,563: 78, FROM=countdown, LINENO=34, __main__ - DEBUG
2020-01-30 16:57:49,565: 77, FROM=countdown, LINENO=34, __main__ - DEBUG
2020-01-30 16:57:50,566: 76, FROM=countdown, LINENO=34, __main__ - DEBUG
2020-01-30 16:57:51,567: 75, FROM=countdown, LINENO=34, __main__ - DEBUG
2020-01-30 16:57:52,569: 74, FROM=countdown, LINENO=34, __main__ - DEBUG
2020-01-30 16:57:53,571: 73, FROM=countdown, LINENO=34, __main__ - DEBUG
2020-01-30 16:57:54,572: 72, FROM=countdown, LINENO=34, __main__ - DEBUG
2020-01-30 16:57:55,573: 71, FROM=countdown, LINENO=34, __main__ - DEBUG
2020-01-30 16:57:56,574: 70, FROM=countdown, LINENO=34, __main__ - DEBUG
2020-01-30 16:57:57,575: 69, FROM=countdown, LINENO=34, __main__ - DEBUG
2020-01-30 16:57:58,575: 68, FROM=countdown, LINENO=34, __main__ - DEBUG
2020-01-30 16:57:59,576: 67, FROM=countdown, LINENO=34, __main__ - DEBUG
2020-01-30 16:58:00,578: 66, FROM=countdown, LINENO=34, __main__ - DEBUG
2020-01-30 16:58:01,578: 65, FROM=countdown, LINENO=34, __main__ - DEBUG
2020-01-30 16:58:02,580: 64, FROM=countdown, LINENO=34, __main__ - DEBUG
2020-01-30 16:58:03,581: 63, FROM=countdown, LINENO=34, __main__ - DEBUG
2020-01-30 16:58:04,582: 62, FROM=countdown, LINENO=34, __main__ - DEBUG
2020-01-30 16:58:05,583: 61, FROM=countdown, LINENO=34, __main__ - DEBUG
2020-01-30 16:58:06,584: 60, FROM=countdown, LINENO=34, __main__ - DEBUG
2020-01-30 16:58:07,585: 59, FROM=countdown, LINENO=34, __main__ - DEBUG
2020-01-30 16:58:08,587: 58, FROM=countdown, LINENO=34, __main__ - DEBUG
2020-01-30 16:58:09,589: 57, FROM=countdown, LINENO=34, __main__ - DEBUG
2020-01-30 16:58:10,590: 56, FROM=countdown, LINENO=34, __main__ - DEBUG
2020-01-30 16:58:11,590: 55, FROM=countdown, LINENO=34, __main__ - DEBUG
2020-01-30 16:58:12,590: 54, FROM=countdown, LINENO=34, __main__ - DEBUG
2020-01-30 16:58:13,591: 53, FROM=countdown, LINENO=34, __main__ - DEBUG
2020-01-30 16:58:14,593: 52, FROM=countdown, LINENO=34, __main__ - DEBUG
2020-01-30 16:58:15,594: 51, FROM=countdown, LINENO=34, __main__ - DEBUG
2020-01-30 16:58:16,595: 50, FROM=countdown, LINENO=34, __main__ - DEBUG
2020-01-30 16:58:17,596: 49, FROM=countdown, LINENO=34, __main__ - DEBUG
2020-01-30 16:58:18,596: 48, FROM=countdown, LINENO=34, __main__ - DEBUG
2020-01-30 16:58:19,597: 47, FROM=countdown, LINENO=34, __main__ - DEBUG
2020-01-30 16:58:20,599: 46, FROM=countdown, LINENO=34, __main__ - DEBUG
2020-01-30 16:58:21,600: 45, FROM=countdown, LINENO=34, __main__ - DEBUG
2020-01-30 16:58:22,601: 44, FROM=countdown, LINENO=34, __main__ - DEBUG
2020-01-30 16:58:23,602: 43, FROM=countdown, LINENO=34, __main__ - DEBUG
2020-01-30 16:58:24,603: 42, FROM=countdown, LINENO=34, __main__ - DEBUG
2020-01-30 16:58:25,604: 41, FROM=countdown, LINENO=34, __main__ - DEBUG
2020-01-30 16:58:26,605: 40, FROM=countdown, LINENO=34, __main__ - DEBUG
2020-01-30 16:58:27,607: 39, FROM=countdown, LINENO=34, __main__ - DEBUG
2020-01-30 16:58:28,608: 38, FROM=countdown, LINENO=34, __main__ - DEBUG
2020-01-30 16:58:29,611: 37, FROM=countdown, LINENO=34, __main__ - DEBUG
2020-01-30 16:58:30,612: 36, FROM=countdown, LINENO=34, __main__ - DEBUG
2020-01-30 16:58:31,612: 35, FROM=countdown, LINENO=34, __main__ - DEBUG
2020-01-30 16:58:32,613: 34, FROM=countdown, LINENO=34, __main__ - DEBUG
2020-01-30 16:58:33,614: 33, FROM=countdown, LINENO=34, __main__ - DEBUG
2020-01-30 16:58:34,614: 32, FROM=countdown, LINENO=34, __main__ - DEBUG
2020-01-30 16:58:35,616: 31, FROM=countdown, LINENO=34, __main__ - DEBUG
2020-01-30 16:58:36,617: 30, FROM=countdown, LINENO=34, __main__ - DEBUG
2020-01-30 16:58:37,619: 29, FROM=countdown, LINENO=34, __main__ - DEBUG
2020-01-30 16:58:38,620: 28, FROM=countdown, LINENO=34, __main__ - DEBUG
2020-01-30 16:58:39,621: 27, FROM=countdown, LINENO=34, __main__ - DEBUG
2020-01-30 16:58:40,623: 26, FROM=countdown, LINENO=34, __main__ - DEBUG
2020-01-30 16:58:41,625: 25, FROM=countdown, LINENO=34, __main__ - DEBUG
2020-01-30 16:58:42,626: 24, FROM=countdown, LINENO=34, __main__ - DEBUG
2020-01-30 16:58:43,627: 23, FROM=countdown, LINENO=34, __main__ - DEBUG
2020-01-30 16:58:44,628: 22, FROM=countdown, LINENO=34, __main__ - DEBUG
2020-01-30 16:58:45,629: 21, FROM=countdown, LINENO=34, __main__ - DEBUG
2020-01-30 16:58:46,630: 20, FROM=countdown, LINENO=34, __main__ - DEBUG
2020-01-30 16:58:47,631: 19, FROM=countdown, LINENO=34, __main__ - DEBUG
2020-01-30 16:58:48,637: 18, FROM=countdown, LINENO=34, __main__ - DEBUG
2020-01-30 16:58:49,637: 17, FROM=countdown, LINENO=34, __main__ - DEBUG
2020-01-30 16:58:50,639: 16, FROM=countdown, LINENO=34, __main__ - DEBUG
2020-01-30 16:58:51,641: 15, FROM=countdown, LINENO=34, __main__ - DEBUG
2020-01-30 16:58:52,641: 14, FROM=countdown, LINENO=34, __main__ - DEBUG
2020-01-30 16:58:53,641: 13, FROM=countdown, LINENO=34, __main__ - DEBUG
2020-01-30 16:58:54,642: 12, FROM=countdown, LINENO=34, __main__ - DEBUG
2020-01-30 16:58:55,643: 11, FROM=countdown, LINENO=34, __main__ - DEBUG
2020-01-30 16:58:56,645: 10, FROM=countdown, LINENO=34, __main__ - DEBUG
2020-01-30 16:58:57,645: 9, FROM=countdown, LINENO=34, __main__ - DEBUG
2020-01-30 16:58:58,647: 8, FROM=countdown, LINENO=34, __main__ - DEBUG
2020-01-30 16:58:59,648: 7, FROM=countdown, LINENO=34, __main__ - DEBUG
2020-01-30 16:59:00,649: 6, FROM=countdown, LINENO=34, __main__ - DEBUG
2020-01-30 16:59:01,650: 5, FROM=countdown, LINENO=34, __main__ - DEBUG
2020-01-30 16:59:02,651: 4, FROM=countdown, LINENO=34, __main__ - DEBUG
2020-01-30 16:59:03,653: 3, FROM=countdown, LINENO=34, __main__ - DEBUG
2020-01-30 16:59:04,654: 2, FROM=countdown, LINENO=34, __main__ - DEBUG
2020-01-30 16:59:05,655: 1, FROM=countdown, LINENO=34, __main__ - DEBUG
2020-01-30 16:59:06,656: 0, FROM=countdown, LINENO=34, __main__ - DEBUG
2020-01-30 16:59:06,657: Blast Off!, FROM=countdown, LINENO=38, __main__ - INFO
2020-01-30 16:59:06,657: Operation Completed Successfully..., FROM=countdown, LINENO=57, __main__ - INFO
2020-01-30 16:59:06,664: Operation Completed Successfully..., FROM=watch_and_log_link, LINENO=125, __main__ - INFO
